2021-08-04 13:48:07,385 INFO o.s.b.StartupInfoLogger [restartedMain] Starting JobManagementSystemApplication using Java 11.0.6 on ubuntu with PID 54663 (/home/devop/Documents/JavaMasterClass/projects/jobManagementSystem/target/classes started by devop in /home/devop/Documents/JavaMasterClass/projects/jobManagementSystem)
2021-08-04 13:48:07,413 DEBUG o.s.b.StartupInfoLogger [restartedMain] Running with Spring Boot v2.5.3, Spring v5.3.9
2021-08-04 13:48:07,421 INFO o.s.b.SpringApplication [restartedMain] No active profile set, falling back to default profiles: default
2021-08-04 13:48:07,692 INFO o.s.b.l.DeferredLog [restartedMain] Devtools property defaults active! Set 'spring.devtools.add-properties' to 'false' to disable
2021-08-04 13:48:07,696 INFO o.s.b.l.DeferredLog [restartedMain] For additional web related logging consider setting the 'logging.level.web' property to 'DEBUG'
2021-08-04 13:48:09,900 INFO o.s.d.r.c.RepositoryConfigurationDelegate [restartedMain] Bootstrapping Spring Data JPA repositories in DEFAULT mode.
2021-08-04 13:48:10,063 INFO o.s.d.r.c.RepositoryConfigurationDelegate [restartedMain] Finished Spring Data repository scanning in 145 ms. Found 3 JPA repository interfaces.
2021-08-04 13:48:11,251 INFO o.s.b.w.e.t.TomcatWebServer [restartedMain] Tomcat initialized with port(s): 8080 (http)
2021-08-04 13:48:11,271 INFO o.a.j.l.DirectJDKLog [restartedMain] Initializing ProtocolHandler ["http-nio-8080"]
2021-08-04 13:48:11,273 INFO o.a.j.l.DirectJDKLog [restartedMain] Starting service [Tomcat]
2021-08-04 13:48:11,276 INFO o.a.j.l.DirectJDKLog [restartedMain] Starting Servlet engine: [Apache Tomcat/9.0.50]
2021-08-04 13:48:11,402 INFO o.a.j.l.DirectJDKLog [restartedMain] Initializing Spring embedded WebApplicationContext
2021-08-04 13:48:11,404 INFO o.s.b.w.s.c.ServletWebServerApplicationContext [restartedMain] Root WebApplicationContext: initialization completed in 3692 ms
2021-08-04 13:48:11,479 INFO c.z.h.HikariDataSource [restartedMain] HikariPool-1 - Starting...
2021-08-04 13:48:11,673 INFO c.z.h.HikariDataSource [restartedMain] HikariPool-1 - Start completed.
2021-08-04 13:48:11,692 INFO o.s.b.a.h.H2ConsoleAutoConfiguration [restartedMain] H2 console available at '/h2-console'. Database available at 'jdbc:h2:mem:testdb'
2021-08-04 13:48:12,102 INFO o.h.j.i.u.LogHelper [restartedMain] HHH000204: Processing PersistenceUnitInfo [name: default]
2021-08-04 13:48:12,159 INFO o.h.Version [restartedMain] HHH000412: Hibernate ORM core version 5.4.32.Final
2021-08-04 13:48:12,301 INFO o.h.a.c.r.j.JavaReflectionManager [restartedMain] HCANN000001: Hibernate Commons Annotations {5.1.2.Final}
2021-08-04 13:48:12,444 INFO o.h.d.Dialect [restartedMain] HHH000400: Using dialect: org.hibernate.dialect.H2Dialect
2021-08-04 13:48:12,621 WARN o.h.c.AnnotationBinder [restartedMain] HHH000457: Joined inheritance hierarchy [com.payoneer.dev.jobmanagementsystem.domain.Job] defined explicit @DiscriminatorColumn.  Legacy Hibernate behavior was to ignore the @DiscriminatorColumn.  However, as part of issue HHH-6911 we now apply the explicit @DiscriminatorColumn.  If you would prefer the legacy behavior, enable the `hibernate.discriminator.ignore_explicit_for_joined` setting (hibernate.discriminator.ignore_explicit_for_joined=true)
2021-08-04 13:48:13,482 INFO o.h.e.t.j.p.i.JtaPlatformInitiator [restartedMain] HHH000490: Using JtaPlatform implementation: [org.hibernate.engine.transaction.jta.platform.internal.NoJtaPlatform]
2021-08-04 13:48:13,497 INFO o.s.o.j.AbstractEntityManagerFactoryBean [restartedMain] Initialized JPA EntityManagerFactory for persistence unit 'default'
2021-08-04 13:48:15,608 WARN o.s.b.a.o.j.JpaBaseConfiguration$JpaWebConfiguration [restartedMain] spring.jpa.open-in-view is enabled by default. Therefore, database queries may be performed during view rendering. Explicitly configure spring.jpa.open-in-view to disable this warning
2021-08-04 13:48:18,605 INFO o.s.b.d.a.OptionalLiveReloadServer [restartedMain] LiveReload server is running on port 35729
2021-08-04 13:48:18,692 INFO o.a.j.l.DirectJDKLog [restartedMain] Starting ProtocolHandler ["http-nio-8080"]
2021-08-04 13:48:18,746 INFO o.s.b.w.e.t.TomcatWebServer [restartedMain] Tomcat started on port(s): 8080 (http) with context path ''
2021-08-04 13:48:18,862 INFO o.s.b.StartupInfoLogger [restartedMain] Started JobManagementSystemApplication in 13.792 seconds (JVM running for 22.741)
2021-08-04 13:48:18,944 INFO c.p.d.j.b.DevBootstrap [restartedMain] Loading Random Data...
2021-08-04 13:48:19,179 INFO c.p.d.j.b.DevBootstrap [restartedMain] there are 1000 record has been loaded
2021-08-04 13:48:19,180 INFO c.p.d.j.b.DevBootstrap [restartedMain] Data has been loaded on http://localhost:8080/h2-console/
2021-08-04 13:48:19,180 INFO c.p.d.j.b.DevBootstrap [restartedMain] H2 credentials : 
2021-08-04 13:48:19,180 INFO c.p.d.j.b.DevBootstrap [restartedMain] Username: as
2021-08-04 13:48:19,181 INFO c.p.d.j.b.DevBootstrap [restartedMain] Password: password
2021-08-04 13:48:19,181 INFO c.p.d.j.b.DevBootstrap [restartedMain] swagger link : http://localhost:8080/swagger-ui.html
2021-08-04 13:48:20,901 INFO c.p.d.j.e.QueueHandler [payoneer-2] Thread# payoneer-2 took Job EmailJob(messageBody=Helllo :), sender=Mail_3@payoneer.com, receiver=Mail_7@payoneer.com)
2021-08-04 13:48:20,925 INFO c.p.d.j.e.QueueHandler [payoneer-3] Thread# payoneer-3 took Job ReminderJob(reminderDescription=Reminder #2, mobileNumber=0079831302)
2021-08-04 13:48:20,935 INFO c.p.d.j.e.QueueHandler [payoneer-1] Thread# payoneer-1 took Job ReminderJob(reminderDescription=Reminder #3, mobileNumber=0079831303)
2021-08-04 13:48:20,934 INFO c.p.d.j.u.EmailUtil [payoneer-2] starting Email Job for# EmailJob(messageBody=Helllo :), sender=Mail_3@payoneer.com, receiver=Mail_7@payoneer.com)
2021-08-04 13:48:20,964 INFO c.p.d.j.u.ReminderUtil [payoneer-1] starting Reminder Job for# ReminderJob(reminderDescription=Reminder #3, mobileNumber=0079831303)
2021-08-04 13:48:20,971 INFO c.p.d.j.u.ReminderUtil [payoneer-3] starting Reminder Job for# ReminderJob(reminderDescription=Reminder #2, mobileNumber=0079831302)
2021-08-04 13:48:21,044 WARN c.p.d.j.u.ReminderUtil [payoneer-1] FAILED Reminder job for# ReminderJob(reminderDescription=Reminder #3, mobileNumber=0079831303)
2021-08-04 13:48:21,043 ERROR c.p.d.j.u.EmailUtil [payoneer-2] SUCCESS Reminder job for# EmailJob(messageBody=Helllo :), sender=Mail_3@payoneer.com, receiver=Mail_7@payoneer.com)
2021-08-04 13:48:21,051 WARN c.p.d.j.u.ReminderUtil [payoneer-3] FAILED Reminder job for# ReminderJob(reminderDescription=Reminder #2, mobileNumber=0079831302)
2021-08-04 13:48:21,066 INFO c.p.d.j.e.QueueHandler [payoneer-2] Thread# payoneer-2 took Job EmailJob(messageBody=Helllo :), sender=Mail_2@payoneer.com, receiver=Mail_5@payoneer.com)
2021-08-04 13:48:21,068 INFO c.p.d.j.u.EmailUtil [payoneer-2] starting Email Job for# EmailJob(messageBody=Helllo :), sender=Mail_2@payoneer.com, receiver=Mail_5@payoneer.com)
2021-08-04 13:48:21,077 ERROR c.p.d.j.u.EmailUtil [payoneer-2] SUCCESS Reminder job for# EmailJob(messageBody=Helllo :), sender=Mail_2@payoneer.com, receiver=Mail_5@payoneer.com)
2021-08-04 13:48:22,829 INFO c.p.d.j.e.QueueHandler [payoneer-1] Thread# payoneer-1 took Job ReminderJob(reminderDescription=Reminder #5, mobileNumber=0079831305)
2021-08-04 13:48:22,830 INFO c.p.d.j.u.ReminderUtil [payoneer-1] starting Reminder Job for# ReminderJob(reminderDescription=Reminder #5, mobileNumber=0079831305)
2021-08-04 13:48:22,834 INFO c.p.d.j.e.QueueHandler [payoneer-3] Thread# payoneer-3 took Job EmailJob(messageBody=Helllo :), sender=Mail_5@payoneer.com, receiver=Mail_11@payoneer.com)
2021-08-04 13:48:22,835 INFO c.p.d.j.u.EmailUtil [payoneer-3] starting Email Job for# EmailJob(messageBody=Helllo :), sender=Mail_5@payoneer.com, receiver=Mail_11@payoneer.com)
2021-08-04 13:48:22,842 INFO c.p.d.j.e.QueueHandler [payoneer-2] Thread# payoneer-2 took Job ReminderJob(reminderDescription=Reminder #4, mobileNumber=0079831304)
2021-08-04 13:48:22,843 INFO c.p.d.j.u.ReminderUtil [payoneer-2] starting Reminder Job for# ReminderJob(reminderDescription=Reminder #4, mobileNumber=0079831304)
2021-08-04 13:48:22,849 WARN c.p.d.j.u.ReminderUtil [payoneer-1] FAILED Reminder job for# ReminderJob(reminderDescription=Reminder #5, mobileNumber=0079831305)
2021-08-04 13:48:22,857 WARN c.p.d.j.u.ReminderUtil [payoneer-2] FAILED Reminder job for# ReminderJob(reminderDescription=Reminder #4, mobileNumber=0079831304)
2021-08-04 13:48:22,867 ERROR c.p.d.j.u.EmailUtil [payoneer-3] SUCCESS Reminder job for# EmailJob(messageBody=Helllo :), sender=Mail_5@payoneer.com, receiver=Mail_11@payoneer.com)
2021-08-04 13:48:22,874 INFO c.p.d.j.e.QueueHandler [payoneer-2] Thread# payoneer-2 took Job EmailJob(messageBody=Helllo :), sender=Mail_4@payoneer.com, receiver=Mail_9@payoneer.com)
2021-08-04 13:48:22,876 INFO c.p.d.j.u.EmailUtil [payoneer-2] starting Email Job for# EmailJob(messageBody=Helllo :), sender=Mail_4@payoneer.com, receiver=Mail_9@payoneer.com)
2021-08-04 13:48:22,885 ERROR c.p.d.j.u.EmailUtil [payoneer-2] SUCCESS Reminder job for# EmailJob(messageBody=Helllo :), sender=Mail_4@payoneer.com, receiver=Mail_9@payoneer.com)
2021-08-04 13:48:24,827 INFO c.p.d.j.e.QueueHandler [payoneer-1] Thread# payoneer-1 took Job ReminderJob(reminderDescription=Reminder #7, mobileNumber=0079831307)
2021-08-04 13:48:24,829 INFO c.p.d.j.e.QueueHandler [payoneer-3] Thread# payoneer-3 took Job EmailJob(messageBody=Helllo :), sender=Mail_7@payoneer.com, receiver=Mail_15@payoneer.com)
2021-08-04 13:48:24,830 INFO c.p.d.j.u.EmailUtil [payoneer-3] starting Email Job for# EmailJob(messageBody=Helllo :), sender=Mail_7@payoneer.com, receiver=Mail_15@payoneer.com)
2021-08-04 13:48:24,834 INFO c.p.d.j.e.QueueHandler [payoneer-2] Thread# payoneer-2 took Job ReminderJob(reminderDescription=Reminder #6, mobileNumber=0079831306)
2021-08-04 13:48:24,841 INFO c.p.d.j.u.ReminderUtil [payoneer-2] starting Reminder Job for# ReminderJob(reminderDescription=Reminder #6, mobileNumber=0079831306)
2021-08-04 13:48:24,833 ERROR c.p.d.j.u.EmailUtil [payoneer-3] SUCCESS Reminder job for# EmailJob(messageBody=Helllo :), sender=Mail_7@payoneer.com, receiver=Mail_15@payoneer.com)
2021-08-04 13:48:24,843 WARN c.p.d.j.u.ReminderUtil [payoneer-2] FAILED Reminder job for# ReminderJob(reminderDescription=Reminder #6, mobileNumber=0079831306)
2021-08-04 13:48:24,834 INFO c.p.d.j.u.ReminderUtil [payoneer-1] starting Reminder Job for# ReminderJob(reminderDescription=Reminder #7, mobileNumber=0079831307)
2021-08-04 13:48:24,845 INFO c.p.d.j.e.QueueHandler [payoneer-3] Thread# payoneer-3 took Job EmailJob(messageBody=Helllo :), sender=Mail_6@payoneer.com, receiver=Mail_13@payoneer.com)
2021-08-04 13:48:24,861 INFO c.p.d.j.u.EmailUtil [payoneer-3] starting Email Job for# EmailJob(messageBody=Helllo :), sender=Mail_6@payoneer.com, receiver=Mail_13@payoneer.com)
2021-08-04 13:48:24,866 WARN c.p.d.j.u.ReminderUtil [payoneer-1] FAILED Reminder job for# ReminderJob(reminderDescription=Reminder #7, mobileNumber=0079831307)
2021-08-04 13:48:24,866 ERROR c.p.d.j.u.EmailUtil [payoneer-3] SUCCESS Reminder job for# EmailJob(messageBody=Helllo :), sender=Mail_6@payoneer.com, receiver=Mail_13@payoneer.com)
2021-08-04 13:48:26,815 INFO c.p.d.j.e.QueueHandler [payoneer-2] Thread# payoneer-2 took Job ReminderJob(reminderDescription=Reminder #9, mobileNumber=0079831309)
2021-08-04 13:48:26,816 INFO c.p.d.j.u.ReminderUtil [payoneer-2] starting Reminder Job for# ReminderJob(reminderDescription=Reminder #9, mobileNumber=0079831309)
2021-08-04 13:48:26,823 INFO c.p.d.j.e.QueueHandler [payoneer-1] Thread# payoneer-1 took Job EmailJob(messageBody=Helllo :), sender=Mail_9@payoneer.com, receiver=Mail_19@payoneer.com)
2021-08-04 13:48:26,824 INFO c.p.d.j.e.QueueHandler [payoneer-3] Thread# payoneer-3 took Job ReminderJob(reminderDescription=Reminder #8, mobileNumber=0079831308)
2021-08-04 13:48:26,823 INFO c.p.d.j.u.EmailUtil [payoneer-1] starting Email Job for# EmailJob(messageBody=Helllo :), sender=Mail_9@payoneer.com, receiver=Mail_19@payoneer.com)
2021-08-04 13:48:26,828 WARN c.p.d.j.u.ReminderUtil [payoneer-2] FAILED Reminder job for# ReminderJob(reminderDescription=Reminder #9, mobileNumber=0079831309)
2021-08-04 13:48:26,826 INFO c.p.d.j.u.ReminderUtil [payoneer-3] starting Reminder Job for# ReminderJob(reminderDescription=Reminder #8, mobileNumber=0079831308)
2021-08-04 13:48:26,832 ERROR c.p.d.j.u.EmailUtil [payoneer-1] SUCCESS Reminder job for# EmailJob(messageBody=Helllo :), sender=Mail_9@payoneer.com, receiver=Mail_19@payoneer.com)
2021-08-04 13:48:26,841 INFO c.p.d.j.e.QueueHandler [payoneer-2] Thread# payoneer-2 took Job EmailJob(messageBody=Helllo :), sender=Mail_8@payoneer.com, receiver=Mail_17@payoneer.com)
2021-08-04 13:48:26,844 WARN c.p.d.j.u.ReminderUtil [payoneer-3] FAILED Reminder job for# ReminderJob(reminderDescription=Reminder #8, mobileNumber=0079831308)
2021-08-04 13:48:26,852 INFO c.p.d.j.u.EmailUtil [payoneer-2] starting Email Job for# EmailJob(messageBody=Helllo :), sender=Mail_8@payoneer.com, receiver=Mail_17@payoneer.com)
2021-08-04 13:48:26,864 ERROR c.p.d.j.u.EmailUtil [payoneer-2] SUCCESS Reminder job for# EmailJob(messageBody=Helllo :), sender=Mail_8@payoneer.com, receiver=Mail_17@payoneer.com)
2021-08-04 13:48:28,810 INFO c.p.d.j.e.QueueHandler [payoneer-3] Thread# payoneer-3 took Job ReminderJob(reminderDescription=Reminder #11, mobileNumber=00798313011)
2021-08-04 13:48:28,811 INFO c.p.d.j.u.ReminderUtil [payoneer-3] starting Reminder Job for# ReminderJob(reminderDescription=Reminder #11, mobileNumber=00798313011)
2021-08-04 13:48:28,814 WARN c.p.d.j.u.ReminderUtil [payoneer-3] FAILED Reminder job for# ReminderJob(reminderDescription=Reminder #11, mobileNumber=00798313011)
2021-08-04 13:48:28,821 INFO c.p.d.j.e.QueueHandler [payoneer-1] Thread# payoneer-1 took Job EmailJob(messageBody=Helllo :), sender=Mail_11@payoneer.com, receiver=Mail_23@payoneer.com)
2021-08-04 13:48:28,823 INFO c.p.d.j.u.EmailUtil [payoneer-1] starting Email Job for# EmailJob(messageBody=Helllo :), sender=Mail_11@payoneer.com, receiver=Mail_23@payoneer.com)
2021-08-04 13:48:28,826 ERROR c.p.d.j.u.EmailUtil [payoneer-1] SUCCESS Reminder job for# EmailJob(messageBody=Helllo :), sender=Mail_11@payoneer.com, receiver=Mail_23@payoneer.com)
2021-08-04 13:48:28,827 INFO c.p.d.j.e.QueueHandler [payoneer-2] Thread# payoneer-2 took Job ReminderJob(reminderDescription=Reminder #10, mobileNumber=00798313010)
2021-08-04 13:48:28,835 INFO c.p.d.j.u.ReminderUtil [payoneer-2] starting Reminder Job for# ReminderJob(reminderDescription=Reminder #10, mobileNumber=00798313010)
2021-08-04 13:48:28,828 INFO c.p.d.j.e.QueueHandler [payoneer-3] Thread# payoneer-3 took Job EmailJob(messageBody=Helllo :), sender=Mail_10@payoneer.com, receiver=Mail_21@payoneer.com)
2021-08-04 13:48:28,842 INFO c.p.d.j.u.EmailUtil [payoneer-3] starting Email Job for# EmailJob(messageBody=Helllo :), sender=Mail_10@payoneer.com, receiver=Mail_21@payoneer.com)
2021-08-04 13:48:28,845 ERROR c.p.d.j.u.EmailUtil [payoneer-3] SUCCESS Reminder job for# EmailJob(messageBody=Helllo :), sender=Mail_10@payoneer.com, receiver=Mail_21@payoneer.com)
2021-08-04 13:48:28,847 WARN c.p.d.j.u.ReminderUtil [payoneer-2] FAILED Reminder job for# ReminderJob(reminderDescription=Reminder #10, mobileNumber=00798313010)
2021-08-04 13:48:30,809 INFO c.p.d.j.e.QueueHandler [payoneer-1] Thread# payoneer-1 took Job ReminderJob(reminderDescription=Reminder #13, mobileNumber=00798313013)
2021-08-04 13:48:30,809 INFO c.p.d.j.u.ReminderUtil [payoneer-1] starting Reminder Job for# ReminderJob(reminderDescription=Reminder #13, mobileNumber=00798313013)
2021-08-04 13:48:30,816 INFO c.p.d.j.e.QueueHandler [payoneer-2] Thread# payoneer-2 took Job ReminderJob(reminderDescription=Reminder #12, mobileNumber=00798313012)
2021-08-04 13:48:30,817 INFO c.p.d.j.u.ReminderUtil [payoneer-2] starting Reminder Job for# ReminderJob(reminderDescription=Reminder #12, mobileNumber=00798313012)
2021-08-04 13:48:30,816 INFO c.p.d.j.e.QueueHandler [payoneer-3] Thread# payoneer-3 took Job EmailJob(messageBody=Helllo :), sender=Mail_13@payoneer.com, receiver=Mail_27@payoneer.com)
2021-08-04 13:48:30,818 INFO c.p.d.j.u.EmailUtil [payoneer-3] starting Email Job for# EmailJob(messageBody=Helllo :), sender=Mail_13@payoneer.com, receiver=Mail_27@payoneer.com)
2021-08-04 13:48:30,824 WARN c.p.d.j.u.ReminderUtil [payoneer-2] FAILED Reminder job for# ReminderJob(reminderDescription=Reminder #12, mobileNumber=00798313012)
2021-08-04 13:48:30,813 WARN c.p.d.j.u.ReminderUtil [payoneer-1] FAILED Reminder job for# ReminderJob(reminderDescription=Reminder #13, mobileNumber=00798313013)
2021-08-04 13:48:30,821 ERROR c.p.d.j.u.EmailUtil [payoneer-3] SUCCESS Reminder job for# EmailJob(messageBody=Helllo :), sender=Mail_13@payoneer.com, receiver=Mail_27@payoneer.com)
2021-08-04 13:48:30,827 INFO c.p.d.j.e.QueueHandler [payoneer-2] Thread# payoneer-2 took Job EmailJob(messageBody=Helllo :), sender=Mail_12@payoneer.com, receiver=Mail_25@payoneer.com)
2021-08-04 13:48:30,834 INFO c.p.d.j.u.EmailUtil [payoneer-2] starting Email Job for# EmailJob(messageBody=Helllo :), sender=Mail_12@payoneer.com, receiver=Mail_25@payoneer.com)
2021-08-04 13:48:30,842 ERROR c.p.d.j.u.EmailUtil [payoneer-2] SUCCESS Reminder job for# EmailJob(messageBody=Helllo :), sender=Mail_12@payoneer.com, receiver=Mail_25@payoneer.com)
2021-08-04 13:48:32,825 INFO c.p.d.j.e.QueueHandler [payoneer-1] Thread# payoneer-1 took Job ReminderJob(reminderDescription=Reminder #15, mobileNumber=00798313015)
2021-08-04 13:48:32,826 INFO c.p.d.j.u.ReminderUtil [payoneer-1] starting Reminder Job for# ReminderJob(reminderDescription=Reminder #15, mobileNumber=00798313015)
2021-08-04 13:48:32,829 WARN c.p.d.j.u.ReminderUtil [payoneer-1] FAILED Reminder job for# ReminderJob(reminderDescription=Reminder #15, mobileNumber=00798313015)
2021-08-04 13:48:32,840 INFO c.p.d.j.e.QueueHandler [payoneer-3] Thread# payoneer-3 took Job EmailJob(messageBody=Helllo :), sender=Mail_15@payoneer.com, receiver=Mail_31@payoneer.com)
2021-08-04 13:48:32,840 INFO c.p.d.j.u.EmailUtil [payoneer-3] starting Email Job for# EmailJob(messageBody=Helllo :), sender=Mail_15@payoneer.com, receiver=Mail_31@payoneer.com)
2021-08-04 13:48:32,846 INFO c.p.d.j.e.QueueHandler [payoneer-2] Thread# payoneer-2 took Job ReminderJob(reminderDescription=Reminder #14, mobileNumber=00798313014)
2021-08-04 13:48:32,848 INFO c.p.d.j.u.ReminderUtil [payoneer-2] starting Reminder Job for# ReminderJob(reminderDescription=Reminder #14, mobileNumber=00798313014)
2021-08-04 13:48:32,850 WARN c.p.d.j.u.ReminderUtil [payoneer-2] FAILED Reminder job for# ReminderJob(reminderDescription=Reminder #14, mobileNumber=00798313014)
2021-08-04 13:48:32,845 ERROR c.p.d.j.u.EmailUtil [payoneer-3] SUCCESS Reminder job for# EmailJob(messageBody=Helllo :), sender=Mail_15@payoneer.com, receiver=Mail_31@payoneer.com)
2021-08-04 13:48:32,852 INFO c.p.d.j.e.QueueHandler [payoneer-2] Thread# payoneer-2 took Job EmailJob(messageBody=Helllo :), sender=Mail_14@payoneer.com, receiver=Mail_29@payoneer.com)
2021-08-04 13:48:32,859 INFO c.p.d.j.u.EmailUtil [payoneer-2] starting Email Job for# EmailJob(messageBody=Helllo :), sender=Mail_14@payoneer.com, receiver=Mail_29@payoneer.com)
2021-08-04 13:48:32,869 ERROR c.p.d.j.u.EmailUtil [payoneer-2] SUCCESS Reminder job for# EmailJob(messageBody=Helllo :), sender=Mail_14@payoneer.com, receiver=Mail_29@payoneer.com)
2021-08-04 13:48:33,716 INFO o.s.o.j.AbstractEntityManagerFactoryBean [SpringApplicationShutdownHook] Closing JPA EntityManagerFactory for persistence unit 'default'
2021-08-04 13:48:33,727 INFO o.h.t.s.i.SchemaDropperImpl$DelayedDropActionImpl [SpringApplicationShutdownHook] HHH000477: Starting delayed evictData of schema as part of SessionFactory shut-down'
2021-08-04 13:48:34,001 WARN o.s.b.f.s.DisposableBeanAdapter [SpringApplicationShutdownHook] Invocation of destroy method failed on bean with name 'inMemoryDatabaseShutdownExecutor': org.h2.jdbc.JdbcSQLNonTransientConnectionException: Database is already closed (to disable automatic closing at VM shutdown, add ";DB_CLOSE_ON_EXIT=FALSE" to the db URL) [90121-200]
2021-08-04 13:48:34,002 INFO c.z.h.HikariDataSource [SpringApplicationShutdownHook] HikariPool-1 - Shutdown initiated...
2021-08-04 13:48:34,046 INFO c.z.h.HikariDataSource [SpringApplicationShutdownHook] HikariPool-1 - Shutdown completed.
